<?xml version="1.0" encoding="UTF-8"?>
<testng-results ignored="0" total="4" passed="4" failed="0" skipped="0">
  <reporter-output>
  </reporter-output>
  <suite started-at="2022-03-24T20:13:42 IST" name="Default suite" finished-at="2022-03-24T20:14:47 IST" duration-ms="64606">
    <groups>
    </groups>
    <test started-at="2022-03-24T20:13:42 IST" name="Default test" finished-at="2022-03-24T20:14:47 IST" duration-ms="64606">
      <class name="demo2.NewTest">
        <test-method signature="addcart()[pri:0, instance:demo2.NewTest@793be5ca]" started-at="2022-03-24T20:13:42 IST" name="addcart" finished-at="2022-03-24T20:14:02 IST" duration-ms="19795" status="PASS">
          <reporter-output>
          </reporter-output>
        </test-method> <!-- addcart -->
        <test-method signature="login()[pri:0, instance:demo2.NewTest@793be5ca]" started-at="2022-03-24T20:14:02 IST" name="login" finished-at="2022-03-24T20:14:20 IST" duration-ms="17880" status="PASS">
          <reporter-output>
          </reporter-output>
        </test-method> <!-- login -->
        <test-method signature="search()[pri:0, instance:demo2.NewTest@793be5ca]" started-at="2022-03-24T20:14:20 IST" name="search" finished-at="2022-03-24T20:14:30 IST" duration-ms="9867" status="PASS">
          <reporter-output>
          </reporter-output>
        </test-method> <!-- search -->
        <test-method signature="signUp()[pri:0, instance:demo2.NewTest@793be5ca]" started-at="2022-03-24T20:14:30 IST" name="signUp" finished-at="2022-03-24T20:14:47 IST" duration-ms="17015" status="PASS">
          <reporter-output>
          </reporter-output>
        </test-method> <!-- signUp -->
      </class> <!-- demo2.NewTest -->
    </test> <!-- Default test -->
  </suite> <!-- Default suite -->
</testng-results>
