<?xml version="1.0" encoding="UTF-8"?>
<!-- Generated by org.testng.reporters.JUnitXMLReporter -->
<testsuite ignored="0" hostname="DESKTOP-64PQ17F" failures="0" tests="4" name="Default test" time="64.606" errors="0" timestamp="2022-03-24T20:14:47 IST">
  <testcase classname="demo2.NewTest" name="addcart" time="19.795"/>
  <testcase classname="demo2.NewTest" name="login" time="17.88"/>
  <testcase classname="demo2.NewTest" name="search" time="9.867"/>
  <testcase classname="demo2.NewTest" name="signUp" time="17.015"/>
</testsuite> <!-- Default test -->
